<?xml version="1.0" encoding="UTF-8"?>
<testng-results ignored="0" total="1" passed="1" failed="0" skipped="0">
  <reporter-output>
    <line>
      <![CDATA[Browser started.]]>
    </line>
    <line>
      <![CDATA[Browser closed.]]>
    </line>
  </reporter-output>
  <suite started-at="2024-07-03T19:13:39 IST" name="Suite" finished-at="2024-07-03T19:14:17 IST" duration-ms="38608">
    <groups>
    </groups>
    <test started-at="2024-07-03T19:13:39 IST" name="Test" finished-at="2024-07-03T19:14:17 IST" duration-ms="38608">
      <class name="com.learnatomation.testcases.LoginCRM">
        <test-method is-config="true" signature="setupSuite()[pri:0, instance:com.learnatomation.testcases.LoginCRM@776aec5c]" started-at="2024-07-03T19:13:37 IST" name="setupSuite" finished-at="2024-07-03T19:13:39 IST" duration-ms="1988" status="PASS">
          <reporter-output>
          </reporter-output>
        </test-method> <!-- setupSuite -->
        <test-method is-config="true" signature="setUp()[pri:0, instance:com.learnatomation.testcases.LoginCRM@776aec5c]" started-at="2024-07-03T19:13:39 IST" name="setUp" finished-at="2024-07-03T19:13:59 IST" duration-ms="19837" status="PASS">
          <reporter-output>
            <line>
              <![CDATA[Browser started.]]>
            </line>
          </reporter-output>
        </test-method> <!-- setUp -->
        <test-method signature="loginApp()[pri:0, instance:com.learnatomation.testcases.LoginCRM@776aec5c]" started-at="2024-07-03T19:13:59 IST" name="loginApp" finished-at="2024-07-03T19:14:09 IST" duration-ms="9926" status="PASS">
          <reporter-output>
          </reporter-output>
        </test-method> <!-- loginApp -->
        <test-method is-config="true" signature="teardownMethod(org.testng.ITestResult)[pri:0, instance:com.learnatomation.testcases.LoginCRM@776aec5c]" started-at="2024-07-03T19:14:09 IST" name="teardownMethod" finished-at="2024-07-03T19:14:14 IST" duration-ms="5200" status="PASS">
          <params>
            <param index="0">
              <value>
                <![CDATA[[TestResult name=loginApp status=SUCCESS method=LoginCRM.loginApp()[pri:0, instance:com.learnatomation.testcases.LoginCRM@776aec5c] output={null}]]]>
              </value>
            </param>
          </params>
          <reporter-output>
          </reporter-output>
        </test-method> <!-- teardownMethod -->
        <test-method is-config="true" signature="teardown()[pri:0, instance:com.learnatomation.testcases.LoginCRM@776aec5c]" started-at="2024-07-03T19:14:14 IST" name="teardown" finished-at="2024-07-03T19:14:17 IST" duration-ms="3363" status="PASS">
          <reporter-output>
            <line>
              <![CDATA[Browser closed.]]>
            </line>
          </reporter-output>
        </test-method> <!-- teardown -->
      </class> <!-- com.learnatomation.testcases.LoginCRM -->
    </test> <!-- Test -->
  </suite> <!-- Suite -->
</testng-results>
