<?xml version="1.0" encoding="UTF-8"?>
<testng-results ignored="0" total="1" passed="1" failed="0" skipped="0">
  <reporter-output>
    <line>
      <![CDATA[Browser started.]]>
    </line>
    <line>
      <![CDATA[Browser closed.]]>
    </line>
  </reporter-output>
  <suite started-at="2024-07-16T22:19:27 IST" name="Default suite" finished-at="2024-07-16T22:19:32 IST" duration-ms="5073">
    <groups>
    </groups>
    <test started-at="2024-07-16T22:19:27 IST" name="Default test" finished-at="2024-07-16T22:19:32 IST" duration-ms="5073">
      <class name="com.learnatomation.testcases.RegistrationFB">
        <test-method is-config="true" signature="setupSuite()[pri:0, instance:com.learnatomation.testcases.RegistrationFB@776aec5c]" started-at="2024-07-16T22:19:27 IST" name="setupSuite" finished-at="2024-07-16T22:19:27 IST" duration-ms="248" status="PASS">
          <reporter-output>
          </reporter-output>
        </test-method> <!-- setupSuite -->
        <test-method is-config="true" signature="setUp()[pri:0, instance:com.learnatomation.testcases.RegistrationFB@776aec5c]" started-at="2024-07-16T22:19:27 IST" name="setUp" finished-at="2024-07-16T22:19:29 IST" duration-ms="2245" status="PASS">
          <reporter-output>
            <line>
              <![CDATA[Browser started.]]>
            </line>
          </reporter-output>
        </test-method> <!-- setUp -->
        <test-method signature="RegisterToFB()[pri:0, instance:com.learnatomation.testcases.RegistrationFB@776aec5c]" started-at="2024-07-16T22:19:29 IST" name="RegisterToFB" finished-at="2024-07-16T22:19:31 IST" duration-ms="2072" status="PASS">
          <reporter-output>
          </reporter-output>
        </test-method> <!-- RegisterToFB -->
        <test-method is-config="true" signature="teardownMethod(org.testng.ITestResult)[pri:0, instance:com.learnatomation.testcases.RegistrationFB@776aec5c]" started-at="2024-07-16T22:19:31 IST" name="teardownMethod" finished-at="2024-07-16T22:19:32 IST" duration-ms="432" status="PASS">
          <params>
            <param index="0">
              <value>
                <![CDATA[[TestResult name=RegisterToFB status=SUCCESS method=RegistrationFB.RegisterToFB()[pri:0, instance:com.learnatomation.testcases.RegistrationFB@776aec5c] output={null}]]]>
              </value>
            </param>
          </params>
          <reporter-output>
          </reporter-output>
        </test-method> <!-- teardownMethod -->
        <test-method is-config="true" signature="teardown()[pri:0, instance:com.learnatomation.testcases.RegistrationFB@776aec5c]" started-at="2024-07-16T22:19:32 IST" name="teardown" finished-at="2024-07-16T22:19:32 IST" duration-ms="267" status="PASS">
          <reporter-output>
            <line>
              <![CDATA[Browser closed.]]>
            </line>
          </reporter-output>
        </test-method> <!-- teardown -->
      </class> <!-- com.learnatomation.testcases.RegistrationFB -->
    </test> <!-- Default test -->
  </suite> <!-- Default suite -->
</testng-results>
