<?xml version="1.0" encoding="UTF-8"?>
<!-- Generated by org.testng.reporters.JUnitXMLReporter -->
<testsuite ignored="0" hostname="LAPTOP-0MI1AUE4" failures="0" tests="1" name="Test" time="4.275" errors="0" timestamp="2024-07-11T19:58:15 IST">
  <testcase classname="com.automation.pages.BaseClass" name="@AfterMethod teardownMethod" time="0.123">
    <failure type="java.lang.NullPointerException" message="Cannot invoke &amp;quot;com.aventstack.extentreports.ExtentTest.pass(String, com.aventstack.extentreports.model.Media)&amp;quot; because &amp;quot;this.logger&amp;quot; is null">
      <![CDATA[java.lang.NullPointerException: Cannot invoke "com.aventstack.extentreports.ExtentTest.pass(String, com.aventstack.extentreports.model.Media)" because "this.logger" is null
at com.automation.pages.BaseClass.teardownMethod(BaseClass.java:57)
at java.base/java.util.ArrayList.forEach(ArrayList.java:1511)
... Removed 32 stack frames]]>
    </failure>
  </testcase> <!-- @AfterMethod teardownMethod -->
  <testcase classname="com.automation.pages.BaseClass" name="@AfterClass teardown" time="0.0">
    <skipped/>
  </testcase> <!-- @AfterClass teardown -->
  <testcase classname="com.learnatomation.testcases.RegistrationFB" name="RegisterToFB" time="2.039"/>
</testsuite> <!-- Test -->
